# JRE version: OpenJDK Runtime Environment (8.0_152-b01) (build 1.8.0_152-release-1343-b01)
# Java VM: OpenJDK 64-Bit Server VM (25.152-b01 mixed mode windows-amd64 compressed oops)
Heap:
 PSYoungGen      total 509440K, used 80396K [0x00000000d5580000, 0x00000000f7f80000, 0x0000000100000000)
  eden space 455168K, 16% used [0x00000000d5580000,0x00000000da05cdb0,0x00000000f1200000)
  from space 54272K, 6% used [0x00000000f4800000,0x00000000f4ba62c0,0x00000000f7d00000)
  to   space 55296K, 0% used [0x00000000f1200000,0x00000000f1200000,0x00000000f4800000)
 ParOldGen       total 333312K, used 101510K [0x0000000080000000, 0x0000000094580000, 0x00000000d5580000)
  object space 333312K, 30% used [0x0000000080000000,0x0000000086321b08,0x0000000094580000)
 Metaspace       used 105129K, capacity 110170K, committed 110464K, reserved 1144832K
  class space    used 13074K, capacity 14091K, committed 14208K, reserved 1048576K
GC Heap History (10 events):
Event: 753.771 GC heap before
{Heap before GC invocations=36 (full 4):
 PSYoungGen      total 510464K, used 464860K [0x00000000d5580000, 0x00000000f7f80000, 0x0000000100000000)
  eden space 455168K, 100% used [0x00000000d5580000,0x00000000f1200000,0x00000000f1200000)
  from space 55296K, 17% used [0x00000000f1200000,0x00000000f1b770d0,0x00000000f4800000)
  to   space 54272K, 0% used [0x00000000f4800000,0x00000000f4800000,0x00000000f7d00000)
 ParOldGen       total 333312K, used 101334K [0x0000000080000000, 0x0000000094580000, 0x00000000d5580000)
  object space 333312K, 30% used [0x0000000080000000,0x00000000862f5af8,0x0000000094580000)
 Metaspace       used 104973K, capacity 110038K, committed 110208K, reserved 1144832K
  class space    used 13074K, capacity 14091K, committed 14208K, reserved 1048576K
Event: 753.804 GC heap after
Heap after GC invocations=36 (full 4):
 PSYoungGen      total 509440K, used 5744K [0x00000000d5580000, 0x00000000f7f80000, 0x0000000100000000)
  eden space 455168K, 0% used [0x00000000d5580000,0x00000000d5580000,0x00000000f1200000)
  from space 54272K, 10% used [0x00000000f4800000,0x00000000f4d9c3e8,0x00000000f7d00000)
  to   space 55296K, 0% used [0x00000000f1200000,0x00000000f1200000,0x00000000f4800000)
 ParOldGen       total 333312K, used 101414K [0x0000000080000000, 0x0000000094580000, 0x00000000d5580000)
  object space 333312K, 30% used [0x0000000080000000,0x0000000086309af8,0x0000000094580000)
 Metaspace       used 104973K, capacity 110038K, committed 110208K, reserved 1144832K
  class space    used 13074K, capacity 14091K, committed 14208K, reserved 1048576K
}
Event: 755.142 GC heap before
{Heap before GC invocations=37 (full 4):
 PSYoungGen      total 509440K, used 460912K [0x00000000d5580000, 0x00000000f7f80000, 0x0000000100000000)
  eden space 455168K, 100% used [0x00000000d5580000,0x00000000f1200000,0x00000000f1200000)
  from space 54272K, 10% used [0x00000000f4800000,0x00000000f4d9c3e8,0x00000000f7d00000)
  to   space 55296K, 0% used [0x00000000f1200000,0x00000000f1200000,0x00000000f4800000)
 ParOldGen       total 333312K, used 101414K [0x0000000080000000, 0x0000000094580000, 0x00000000d5580000)
  object space 333312K, 30% used [0x0000000080000000,0x0000000086309af8,0x0000000094580000)
 Metaspace       used 105004K, capacity 110042K, committed 110208K, reserved 1144832K
  class space    used 13074K, capacity 14091K, committed 14208K, reserved 1048576K
Event: 755.153 GC heap after
Heap after GC invocations=37 (full 4):
 PSYoungGen      total 510464K, used 2392K [0x00000000d5580000, 0x00000000f7f80000, 0x0000000100000000)
  eden space 455168K, 0% used [0x00000000d5580000,0x00000000d5580000,0x00000000f1200000)
  from space 55296K, 4% used [0x00000000f1200000,0x00000000f1456148,0x00000000f4800000)
  to   space 54272K, 0% used [0x00000000f4800000,0x00000000f4800000,0x00000000f7d00000)
 ParOldGen       total 333312K, used 101470K [0x0000000080000000, 0x0000000094580000, 0x00000000d5580000)
  object space 333312K, 30% used [0x0000000080000000,0x0000000086317b08,0x0000000094580000)
 Metaspace       used 105004K, capacity 110042K, committed 110208K, reserved 1144832K
  class space    used 13074K, capacity 14091K, committed 14208K, reserved 1048576K
}
Event: 756.556 GC heap before
{Heap before GC invocations=38 (full 4):
 PSYoungGen      total 510464K, used 457560K [0x00000000d5580000, 0x00000000f7f80000, 0x0000000100000000)
  eden space 455168K, 100% used [0x00000000d5580000,0x00000000f1200000,0x00000000f1200000)
  from space 55296K, 4% used [0x00000000f1200000,0x00000000f1456148,0x00000000f4800000)
  to   space 54272K, 0% used [0x00000000f4800000,0x00000000f4800000,0x00000000f7d00000)
 ParOldGen       total 333312K, used 101470K [0x0000000080000000, 0x0000000094580000, 0x00000000d5580000)
  object space 333312K, 30% used [0x0000000080000000,0x0000000086317b08,0x0000000094580000)
 Metaspace       used 105045K, capacity 110042K, committed 110208K, reserved 1144832K
  class space    used 13074K, capacity 14091K, committed 14208K, reserved 1048576K
Event: 756.576 GC heap after
Heap after GC invocations=38 (full 4):
 PSYoungGen      total 509440K, used 8863K [0x00000000d5580000, 0x00000000f7f80000, 0x0000000100000000)
  eden space 455168K, 0% used [0x00000000d5580000,0x00000000d5580000,0x00000000f1200000)
  from space 54272K, 16% used [0x00000000f4800000,0x00000000f50a7ea8,0x00000000f7d00000)
  to   space 55296K, 0% used [0x00000000f1200000,0x00000000f1200000,0x00000000f4800000)
 ParOldGen       total 333312K, used 101478K [0x0000000080000000, 0x0000000094580000, 0x00000000d5580000)
  object space 333312K, 30% used [0x0000000080000000,0x0000000086319b08,0x0000000094580000)
 Metaspace       used 105045K, capacity 110042K, committed 110208K, reserved 1144832K
  class space    used 13074K, capacity 14091K, committed 14208K, reserved 1048576K
}
Event: 757.969 GC heap before
{Heap before GC invocations=39 (full 4):
 PSYoungGen      total 509440K, used 464031K [0x00000000d5580000, 0x00000000f7f80000, 0x0000000100000000)
  eden space 455168K, 100% used [0x00000000d5580000,0x00000000f1200000,0x00000000f1200000)
  from space 54272K, 16% used [0x00000000f4800000,0x00000000f50a7ea8,0x00000000f7d00000)
  to   space 55296K, 0% used [0x00000000f1200000,0x00000000f1200000,0x00000000f4800000)
 ParOldGen       total 333312K, used 101478K [0x0000000080000000, 0x0000000094580000, 0x00000000d5580000)
  object space 333312K, 30% used [0x0000000080000000,0x0000000086319b08,0x0000000094580000)
 Metaspace       used 105104K, capacity 110106K, committed 110464K, reserved 1144832K
  class space    used 13074K, capacity 14091K, committed 14208K, reserved 1048576K
Event: 757.978 GC heap after
Heap after GC invocations=39 (full 4):
 PSYoungGen      total 510464K, used 2176K [0x00000000d5580000, 0x00000000f7f80000, 0x0000000100000000)
  eden space 455168K, 0% used [0x00000000d5580000,0x00000000d5580000,0x00000000f1200000)
  from space 55296K, 3% used [0x00000000f1200000,0x00000000f1420000,0x00000000f4800000)
  to   space 54272K, 0% used [0x00000000f4800000,0x00000000f4800000,0x00000000f7d00000)
 ParOldGen       total 333312K, used 101494K [0x0000000080000000, 0x0000000094580000, 0x00000000d5580000)
  object space 333312K, 30% used [0x0000000080000000,0x000000008631db08,0x0000000094580000)
 Metaspace       used 105104K, capacity 110106K, committed 110464K, reserved 1144832K
  class space    used 13074K, capacity 14091K, committed 14208K, reserved 1048576K
}
Event: 758.928 GC heap before
{Heap before GC invocations=40 (full 4):
 PSYoungGen      total 510464K, used 457344K [0x00000000d5580000, 0x00000000f7f80000, 0x0000000100000000)
  eden space 455168K, 100% used [0x00000000d5580000,0x00000000f1200000,0x00000000f1200000)
  from space 55296K, 3% used [0x00000000f1200000,0x00000000f1420000,0x00000000f4800000)
  to   space 54272K, 0% used [0x00000000f4800000,0x00000000f4800000,0x00000000f7d00000)
 ParOldGen       total 333312K, used 101494K [0x0000000080000000, 0x0000000094580000, 0x00000000d5580000)
  object space 333312K, 30% used [0x0000000080000000,0x000000008631db08,0x0000000094580000)
 Metaspace       used 105129K, capacity 110170K, committed 110464K, reserved 1144832K
  class space    used 13074K, capacity 14091K, committed 14208K, reserved 1048576K
Event: 758.958 GC heap after
Heap after GC invocations=40 (full 4):
 PSYoungGen      total 509440K, used 3736K [0x00000000d5580000, 0x00000000f7f80000, 0x0000000100000000)
  eden space 455168K, 0% used [0x00000000d5580000,0x00000000d5580000,0x00000000f1200000)
  from space 54272K, 6% used [0x00000000f4800000,0x00000000f4ba62c0,0x00000000f7d00000)
  to   space 55296K, 0% used [0x00000000f1200000,0x00000000f1200000,0x00000000f4800000)
 ParOldGen       total 333312K, used 101510K [0x0000000080000000, 0x0000000094580000, 0x00000000d5580000)
  object space 333312K, 30% used [0x0000000080000000,0x0000000086321b08,0x0000000094580000)
 Metaspace       used 105129K, capacity 110170K, committed 110464K, reserved 1144832K
  class space    used 13074K, capacity 14091K, committed 14208K, reserved 1048576K
}

